     1                                  bits 32 ; assembling for the 32 bits architecture
     2                                  
     3                                  ; declare the EntryPoint (a label defining the very first instruction of the program)
     4                                  global start        
     5                                  
     6                                  ; declare external functions needed by our program
     7                                  extern exit               ; tell nasm that exit exists even if we won't be defining it
     8                                  import exit msvcrt.dll    ; exit is a function that ends the calling process. It is defined in msvcrt.dll
     9                                                            ; msvcrt.dll contains exit, printf and all the other important C-runtime specific functions
    10                                  
    11                                  ; our data is declared here (the variables needed by our program)
    12                                  segment data use32 class=data
    13                                      ; ...
    14                                      
    15 00000000 12                          d db 12h;
    16                                  
    17 00000001 3322                        e dw 2233h;
    18                                  
    19 00000003 44332211                    f dd 11223344h
    20                                  
    21                                  ; our code starts here
    22                                  segment code use32 class=code
    23                                      start:
    24                                          ; ...
    25                                          
    26 00000000 A0[00000000]                    mov al, [d] ;
    27 00000005 A0[01000000]                    mov al, [d+1];
    28 0000000A A0[02000000]                    mov al, [d+2];
    29 0000000F A0[03000000]                    mov al, [d+3];
    30                                      
    31                                          ; exit(0)
    32 00000014 6A00                            push    dword 0      ; push the parameter for exit onto the stack
    33 00000016 FF15[00000000]                  call    [exit]       ; call exit to terminate the program
