     1                                  bits 32 ; assembling for the 32 bits architecture
     2                                  
     3                                  ; declare the EntryPoint (a label defining the very first instruction of the program)
     4                                  global start        
     5                                  
     6                                  ; declare external functions needed by our program
     7                                  extern exit               ; tell nasm that exit exists even if we won't be defining it
     8                                  import exit msvcrt.dll    ; exit is a function that ends the calling process. It is defined in msvcrt.dll
     9                                                            ; msvcrt.dll contains exit, printf and all the other important C-runtime specific functions
    10                                  
    11                                  ; our data is declared here (the variables needed by our program)
    12                                  segment data use32 class=data
    13                                      ; ...
    14                                      
    15                                  ; our code starts here
    16                                  segment code use32 class=code
    17                                      start:
    18                                          ; ...
    19                                      
    20 00000000 B805000000                      mov eax,5
    21 00000005 B901000000                      mov ecx,1
    22 0000000A 83E805                          sub eax, 5
    23 0000000D 83E902                          sub ecx,2
    24                                          repeta:
    25 00000010 40                                  inc eax
    26 00000011 E2FD                            Loop repeta
    27 00000013 B301                            mov bl, 1
    28 00000015 B303                            mov bl, 3
    29                                  
    30                                  
    31                                  
    32                                          
    33                                          ; exit(0)
    34 00000017 6A00                            push    dword 0      ; push the parameter for exit onto the stack
    35 00000019 FF15[00000000]                  call    [exit]       ; call exit to terminate the program
