     1                                  bits 32
     2                                  
     3                                  global start        
     4                                  
     5                                  extern exit, fopen, fread, fclose
     6                                  import exit msvcrt.dll
     7                                  import fopen msvcrt.dll
     8                                  import fread msvcrt.dll
     9                                  import fclose msvcrt.dll
    10                                  
    11                                  extern scanf, printf
    12                                  import scanf msvcrt.dll
    13                                  import printf msvcrt.dll
    14                                  
    15                                  segment data use32 class=data
    16                                      
    17 00000000 637576696E74652E74-         input_file db "cuvinte.txt", 0
    17 00000009 787400             
    18 0000000C 7200                        read_mode db "r", 0
    19 0000000E FFFFFFFF                    file_descriptor dd -1
    20 00000012 257300                      string_format db "%s", 0
    21 00000015 256400                      number_format db "%d", 0
    22 00000018 0A00                        end_line db 10, 0
    23 0000001A 00000000                    L dd 0
    24 0000001E <res 00000064>              words resb 100
    25 00000082 <res 00000064>              chosen_word resb 100
    26 000000E6 00                          word_len db 0
    27 000000E7 546865206E756D6265-         error_message db "The number given is odd!", 0
    27 000000F0 7220676976656E2069-
    27 000000F9 73206F64642100     
    28                                      
    29                                      
    30                                  segment code use32 class=code
    31                                      start:
    32                                          
    33 00000000 68[0C000000]                    push dword read_mode
    34 00000005 68[00000000]                    push dword input_file
    35 0000000A FF15[00000000]                  call [fopen]
    36 00000010 83C408                          add esp, 4*2
    37                                          
    38 00000013 A3[0E000000]                    mov [file_descriptor], eax
    39                                          
    40 00000018 83F800                          cmp eax, 0
    41 0000001B 0F84C5000000                    je finish
    42                                          
    43 00000021 FF35[0E000000]                  push dword [file_descriptor]
    44 00000027 6A64                            push dword 100
    45 00000029 6A01                            push dword 1
    46 0000002B 68[1E000000]                    push dword words
    47 00000030 FF15[00000000]                  call [fread]
    48 00000036 83C410                          add esp, 4*4
    49                                          
    50 00000039 FF35[0E000000]                  push dword [file_descriptor]
    51 0000003F FF15[00000000]                  call [fclose]
    52 00000045 83C404                          add esp, 4
    53                                          
    54 00000048 68[1A000000]                    push dword L
    55 0000004D 68[15000000]                    push dword number_format
    56 00000052 FF15[00000000]                  call [scanf]
    57 00000058 83C408                          add esp, 4*2
    58                                          
    59 0000005B A1[1A000000]                    mov eax, [L]
    60 00000060 BA00000000                      mov edx, 0
    61 00000065 B902000000                      mov ecx, 2
    62 0000006A F7F1                            div ecx
    63                                          
    64 0000006C 83FA00                          cmp edx, 0
    65 0000006F 7410                            je no_error
    66                                          
    67 00000071 68[E7000000]                    push dword error_message
    68 00000076 FF15[00000000]                  call [printf]
    69 0000007C 83C404                          add esp, 4
    70                                          
    71 0000007F EB65                            jmp finish
    72                                          
    73                                          no_error:
    74 00000081 BE[1E000000]                    mov esi, words
    75 00000086 BF[82000000]                    mov edi, chosen_word
    76                                          
    77                                          repeat:
    78 0000008B AC                                  lodsb
    79                                              
    80 0000008C 3C00                                cmp al, 0
    81 0000008E 7405                                je check
    82                                              
    83 00000090 AA                                  stosb
    84                                              
    85 00000091 3C20                                cmp al, ' '
    86 00000093 754F                                jne no_add
    87                                              
    88                                              check:
    89 00000095 807FFF20                            cmp byte [edi-1], ' '
    90 00000099 7501                                jne no_dec
    91                                              
    92 0000009B 4F                                  dec edi
    93                                              
    94                                              no_dec:
    95 0000009C 81EF[82000000]                      sub edi, chosen_word
    96 000000A2 89F9                                mov ecx, edi
    97                                              
    98 000000A4 3B0D[1A000000]                      cmp ecx, dword [L]
    99 000000AA 751E                                jne empty_text
   100                                              
   101 000000AC 60                                  pushad
   102                                              
   103 000000AD 68[82000000]                        push dword chosen_word
   104 000000B2 FF15[00000000]                      call [printf]
   105 000000B8 83C404                              add esp, 4
   106                                              
   107 000000BB 68[18000000]                        push dword end_line
   108 000000C0 FF15[00000000]                      call [printf]
   109 000000C6 83C404                              add esp, 4
   110                                              
   111 000000C9 61                                  popad
   112                                              
   113                                              empty_text:
   114 000000CA BF[82000000]                        mov edi, chosen_word
   115 000000CF B100                                mov cl, 0
   116                                              repeat2:
   117 000000D1 803F00                                  cmp byte [edi], 0
   118 000000D4 7405                                    je end_repeat2
   119                                                  
   120 000000D6 880F                                    mov [edi], cl
   121 000000D8 47                                      inc edi
   122 000000D9 EBF6                                    jmp repeat2
   123                                              end_repeat2:
   124 000000DB BF[82000000]                        mov edi, chosen_word
   125 000000E0 3C00                                cmp al, 0
   126 000000E2 7402                                je end_repeat
   127                                              no_add:
   128 000000E4 EBA5                                jmp repeat
   129                                          end_repeat:
   130                                          
   131                                          finish:
   132                                          
   133 000000E6 6A00                            push    dword 0
   134 000000E8 FF15[00000000]                  call    [exit]
