[2021-04-13 12:23:28] [info] Start Program:
Path:"D:\\OOP\\a67-913-Herlea-Stefan-Alexandru\\LMDB\\Debug\\LMDB2.exe"
Arguments:
Working directory: "D:\\OOP"
Modules: Selected: D:\OOP\a67-913-Herlea-Stefan-Alexandru\LMDB\Debug\LMDB2.exe Excluded: 
Sources: Selected: D:\OOP\a67-913-Herlea-Stefan-Alexandru\LMDB\LMDB Excluded: 
Log Level: Normal
Cover Children: 0
Aggregate by file: 1
Continue after C++ exception: 0
Optimized build support: 0
Export: binary C:\Users\Asus\AppData\Local\Temp\zwanbtjv.tot 
Input coverage: 
Unified diff: 
Excluded line regular expressions: 
Substitute pdb source paths: 

[2021-04-13 12:23:28] [info] Module: D:\OOP\a67-913-Herlea-Stefan-Alexandru\LMDB\Debug\LMDB2.exe is selected because it matches selected pattern: D:\OOP\a67-913-Herlea-Stefan-Alexandru\LMDB\Debug\LMDB2.exe
[2021-04-13 12:23:29] [info] ----------------------------------------------------
[2021-04-13 12:23:29] [info] Coverage binary generated in file: C:\Users\Asus\AppData\Local\Temp\zwanbtjv.tot
[2021-04-13 12:23:29] [info] ----------------------------------------------------
