     1                                  bits 32 ; assembling for the 32 bits architecture
     2                                  
     3                                  ; declare the EntryPoint (a label defining the very first instruction of the program)
     4                                  global start        
     5                                  
     6                                  ; declare external functions needed by our program
     7                                  extern exit               ; tell nasm that exit exists even if we won't be defining it
     8                                  import exit msvcrt.dll    ; exit is a function that ends the calling process. It is defined in msvcrt.dll
     9                                                            ; msvcrt.dll contains exit, printf and all the other important C-runtime specific functions
    10                                  
    11                                  ; our data is declared here (the variables needed by our program)
    12                                  segment data use32 class=data
    13                                      ; ...
    14                                  
    15                                  ; our code starts here
    16                                  segment code use32 class=code
    17                                      start:
    18                                          ; ...
    19                                      
    20 00000000 B909000000                      mov ecx, 9
    21 00000005 51                              push ecx
    22 00000006 665A                            pop dx
    23 00000008 6658                            pop ax
    24 0000000A 66BB0300                        mov bx, 3
    25 0000000E 66F7F3                          div bx
    26                                          
    27                                          ; exit(0)
    28 00000011 6A00                            push    dword 0      ; push the parameter for exit onto the stack
    29 00000013 FF15[00000000]                  call    [exit]       ; call exit to terminate the program
