[2021-03-31 09:36:44] [info] Start Program:
Path:"D:\\OOP\\a45-913-Herlea-Stefan-Alexandru\\LMDB\\Debug\\LMDB.exe"
Arguments:
Working directory: "D:\\OOP\\a45-913-Herlea-Stefan-Alexandru\\LMDB\\LMDB\\"
Modules: Selected: D:\OOP\a45-913-Herlea-Stefan-Alexandru\LMDB\Debug\LMDB.exe Excluded: 
Sources: Selected: D:\OOP\a45-913-Herlea-Stefan-Alexandru\LMDB\LMDB Excluded: 
Log Level: Normal
Cover Children: 0
Aggregate by file: 1
Continue after C++ exception: 0
Optimized build support: 0
Export: binary C:\Users\Asus\AppData\Local\Temp\4exo54b1.ecr 
Input coverage: 
Unified diff: 
Excluded line regular expressions: 
Substitute pdb source paths: 

[2021-03-31 09:36:44] [info] Module: D:\OOP\a45-913-Herlea-Stefan-Alexandru\LMDB\Debug\LMDB.exe is selected because it matches selected pattern: D:\OOP\a45-913-Herlea-Stefan-Alexandru\LMDB\Debug\LMDB.exe
[2021-03-31 09:36:44] [info] ----------------------------------------------------
[2021-03-31 09:36:44] [info] Coverage binary generated in file: C:\Users\Asus\AppData\Local\Temp\4exo54b1.ecr
[2021-03-31 09:36:44] [info] ----------------------------------------------------
