     1                                  bits 32 ; assembling for the 32 bits architecture
     2                                  
     3                                  ; declare the EntryPoint (a label defining the very first instruction of the program)
     4                                  global start        
     5                                  
     6                                  ; declare external functions needed by our program
     7                                  extern exit               ; tell nasm that exit exists even if we won't be defining it
     8                                  import exit msvcrt.dll    ; exit is a function that ends the calling process. It is defined in msvcrt.dll
     9                                                            ; msvcrt.dll contains exit, printf and all the other important C-runtime specific functions
    10                                  
    11                                  ; our data is declared here (the variables needed by our program)
    12                                  segment data use32 class=data
    13                                      ; ...
    14                                      
    15 00000000 870D                        a dw 3463
    16 00000002 5501                        b dw 341
    17 00000004 9805                        c dw 1432
    18 00000006 F500                        d dw 245
    19                                  
    20                                  ; our code starts here
    21                                  segment code use32 class=code
    22                                      start:
    23                                          ; ...
    24                                          
    25 00000000 66A1[02000000]                  mov ax, [b]
    26 00000006 660305[04000000]                add ax, [c]
    27 0000000D 660305[06000000]                add ax, [d]
    28 00000014 668B1D[00000000]                mov bx, [a]
    29 0000001B 66031D[00000000]                add bx, [a]
    30 00000022 6629D8                          sub ax, bx
    31                                          
    32 00000025 66A1[00000000]                  mov ax, [a]
    33 0000002B 660305[02000000]                add ax, [b]
    34 00000032 660305[04000000]                add ax, [c]
    35 00000039 668B1D[06000000]                mov bx, [d]
    36 00000040 66031D[06000000]                add bx, [d]
    37 00000047 6629D8                          sub ax, bx
    38                                          
    39                                          ; exit(0)
    40 0000004A 6A00                            push    dword 0      ; push the parameter for exit onto the stack
    41 0000004C FF15[00000000]                  call    [exit]       ; call exit to terminate the program
